Search results will be written to T0951.hhr
Reading in 8290068 column state sequences with a total of 1874100330 residues

Iteration 1
Prefiltering database
...................................................................................
HMMs passed 1st prefilter (gapless profile-profile alignment)  : 198410
HMMs passed 2nd prefilter (gapped profile-profile alignment)   :   3789
HMMs passed 2nd prefilter and not found in previous iterations :   3789
Scoring 3789 HMMs using HMM-HMM Viterbi alignment
.................................................. 1000 HMMs searched
.................................................. 2000 HMMs searched
.................................................. 3000 HMMs searched
.......................................
Realigning 513 HMMs using HMM-HMM Maximum Accuracy algorithm
.................................................. 500  HMMs aligned
.
Merging hits to query profile
515 sequences belonging to 515 database HMMs found with an E-value < 0.001       
Number of effective sequences of resulting query HMM: Neff = 10.80
Diversity is above threshold (10.00). Stop searching! (Change threshold using -neffmax <float>.)

Query         T0951
Match_columns 276
No_of_seqs    1 out of 1
Neff          1.0 
Searched_HMMs 3789
Date          Wed Mar 27 15:18:12 2019
Command       /storage/htc/bdm/tools/HHsuite/hhsuite-2.0.16/bin/hhblits -i T0951.fasta -d /storage/htc/bdm/tools/databases/uniprot20_2016_02/uniprot20_2016_02 -oa3m hhb-cov60.a3m -cpu 2 -n 3 -maxfilt 500000 -diff inf -e 0.001 -id 99 -cov 60 

 No Hit                             Prob E-value P-value  Score    SS Cols Query HMM  Template HMM
  1 tr|A0A022R4K8|A0A022R4K8_ERYGU 100.0  1E-105  4E-111  725.5   0.0  270    6-275   104-373 (374)
  2 tr|S6WFY5|S6WFY5_PSESF Hydrola 100.0 2.1E-52 1.1E-57  365.2   0.0  207    5-211    13-220 (221)
  3 tr|J3M4H4|J3M4H4_ORYBR Unchara 100.0 3.6E-43 2.4E-48  283.3   0.0  108   13-120     1-113 (113)
  4 tr|A0A078IDA1|A0A078IDA1_BRANA 100.0 5.7E-42 3.7E-47  290.6   0.0  155    7-161     8-164 (167)
  5 tr|A0A0D2UAA1|A0A0D2UAA1_GOSRA 100.0 4.5E-39   2E-44  292.3   0.0  251    7-258    75-327 (342)
  6 tr|A0A0B2S8L4|A0A0B2S8L4_GLYSO 100.0   5E-39 2.2E-44  277.5   0.0  189    6-221     1-196 (198)
  7 tr|A0A0K9R6U2|A0A0K9R6U2_SPIOL 100.0 7.8E-39 3.5E-44  300.8   0.0  151  124-274   381-531 (532)
  8 tr|M8CRZ0|M8CRZ0_AEGTA Unchara 100.0   9E-39   4E-44  278.2   0.0  170   97-274    45-214 (215)
  9 tr|A0A0R0JYS1|A0A0R0JYS1_SOYBN 100.0 9.2E-38 4.1E-43  272.8   0.0  169    5-221    48-219 (221)
 10 tr|W9H151|W9H151_9PROT Unchara 100.0   4E-36 2.8E-41  248.4   0.0  128  147-275     1-128 (136)
 11 tr|A0A085W7C1|A0A085W7C1_9DELT 100.0 9.6E-36 1.4E-40  248.9   0.0  236   14-272    34-284 (286)
 12 tr|A0A059B0I7|A0A059B0I7_EUCGR 100.0 1.1E-33   5E-39  254.9   0.0  166  109-274   134-301 (302)
 13 tr|A0A0A9UI02|A0A0A9UI02_ARUDO  99.9 8.3E-30 3.7E-35  216.9   0.0  120    9-128    46-165 (165)
 14 tr|A0A0K9PHX6|A0A0K9PHX6_ZOSMR  99.9 1.1E-27 4.7E-33  211.9   0.0  123    9-131     5-127 (235)
 15 tr|N1QZE5|N1QZE5_AEGTA Unchara  99.9 3.1E-27 1.4E-32  218.8   0.0  249   11-261    53-312 (389)
 16 tr|M7Z1N1|M7Z1N1_TRIUA Unchara  99.8 3.6E-25 1.6E-30  209.6   0.0  244   11-260    36-290 (515)
 17 tr|G3Z5M8|G3Z5M8_9NEIS Carboxy  99.8 1.4E-25 2.2E-30  184.6   0.0  239   19-269     2-244 (248)
 18 tr|A0A0K1J5S4|A0A0K1J5S4_9RHOO  99.8 1.2E-24   1E-29  183.6   0.0  157  109-266     1-164 (169)
 19 tr|C7J2X4|C7J2X4_ORYSJ Os05g01  99.8 2.9E-23 1.3E-28  202.7   0.0  250   10-259   510-782 (795)
 20 tr|K7KPE1|K7KPE1_SOYBN Unchara  99.8 3.4E-23 1.5E-28  172.1   0.0   65    5-69     10-74  (127)
 21 tr|W1NMV7|W1NMV7_AMBTC Unchara  99.8 7.5E-23 3.3E-28  170.1   0.0   69   57-128    58-126 (127)
 22 tr|A0A0K8M4L4|A0A0K8M4L4_PSESF  99.8 1.4E-22   7E-28  195.8   0.0  221   41-262     1-222 (605)
 23 tr|A0A0K6I6H6|A0A0K6I6H6_9RHOB  99.8 1.6E-22 7.1E-28  182.5   0.0  212    9-220     6-217 (276)
 24 tr|K7KPD9|K7KPD9_SOYBN Unchara  99.8   2E-22   9E-28  173.2   0.0   65    5-69     52-116 (169)
 25 tr|S4Y7I1|S4Y7I1_SORCE Unchara  99.7 1.1E-21 1.6E-26  161.3   0.0  222   18-270     4-229 (232)
 26 tr|Q79ZI8|Q79ZI8_STRAW Putativ  99.7   1E-21 1.6E-26  161.8   0.0  228   20-271    22-257 (266)
 27 tr|C4Y247|C4Y247_CLAL4 Putativ  99.7 2.1E-21 1.9E-26  171.8   0.0  238   20-271    16-266 (268)
 28 tr|M6ZF46|M6ZF46_LEPIR Sigma f  99.7 9.2E-21 5.5E-26  152.7   0.0   95  175-270     1-95  (98)
 29 tr|A0A098GAI2|A0A098GAI2_TATMI  99.7 2.5E-20 3.7E-25  156.5   0.0  238   23-271    50-290 (292)
 30 tr|Q7NBQ1|Q7NBQ1_MYCGA Putativ  99.6 2.1E-19   3E-24  151.2   0.0  230   18-272    21-270 (276)
 31 tr|G4QNN2|G4QNN2_GLANF Diguany  99.6 1.2E-18 5.2E-24  167.1   0.0  233   37-270     1-234 (538)
 32 tr|K9ZEF2|K9ZEF2_ANACC Alpha/b  99.6 3.6E-19 6.4E-24  145.7   0.0  241   22-271    29-284 (292)
 33 tr|A0A0Q5Q384|A0A0Q5Q384_9SPHN  99.6 7.3E-19 8.7E-24  151.9   0.0  248   15-270    14-274 (275)
 34 tr|C7N2V6|C7N2V6_SLAHD Predict  99.5 3.7E-18 3.6E-23  151.9   0.0  250   12-270    11-280 (283)
 35 tr|F4GPT1|F4GPT1_PUSST Unchara  99.5 2.4E-18   4E-23  141.0   0.0  241   17-270    15-269 (272)
 36 tr|A0A078ICW2|A0A078ICW2_BRANA  99.5 9.8E-18 5.2E-23  133.8   0.0   80  186-265     1-81  (87)
 37 tr|M0WKW2|M0WKW2_HORVD Unchara  99.5 1.8E-17 8.2E-23  136.6   0.0   72    8-79     40-111 (112)
 38 tr|R5BIH1|R5BIH1_9CLOT Alpha/b  99.5 1.2E-17 1.1E-22  152.6   0.0  242   10-270    82-340 (346)
 39 tr|C7LXU3|C7LXU3_ACIFD Alpha/b  99.5 2.9E-17 2.6E-22  147.2   0.0  234   12-272    26-269 (281)
 40 tr|A0A061PHX4|A0A061PHX4_9BACL  99.5 3.8E-17 4.1E-22  139.3   0.0  198   14-254    11-216 (216)
 41 tr|A0A0P1E6V4|A0A0P1E6V4_9RHOB  99.4 5.1E-17 4.9E-22  145.4   0.0  229   19-266    35-287 (294)
 42 tr|M9RVT7|M9RVT7_9RHOB Putativ  99.4 1.1E-16 8.7E-22  150.9   0.0  233   14-270   173-418 (419)
 43 tr|B5HIP2|B5HIP2_STRPR Hydrola  99.4 8.9E-17 1.1E-21  141.6   0.0  245   16-270    67-316 (319)
 44 tr|A0A0F3KQS9|A0A0F3KQS9_9NEIS  99.4 1.1E-16 1.2E-21  142.3   0.0  235   22-270    71-318 (324)
 45 tr|L8M7N6|L8M7N6_PSEPS 2-hydro  99.4 1.5E-16   2E-21  131.3   0.0  205   51-274     1-219 (222)
 46 tr|A0A0Q8Q7G0|A0A0Q8Q7G0_9SPHN  99.4 2.8E-16 3.9E-21  134.0   0.0  232   21-269    40-286 (288)
 47 tr|Q1R0U3|Q1R0U3_CHRSD 3-oxoad  99.4 5.5E-16 4.5E-21  145.1   0.0  238   21-271    20-260 (389)
 48 tr|A0A0Q8F1V3|A0A0Q8F1V3_9GAMM  99.3 7.1E-16 7.1E-21  139.3   0.0  238   21-271    71-322 (326)
 49 tr|A0A0C1E9J3|A0A0C1E9J3_9MICC  99.3 5.5E-16 7.4E-21  132.9   0.0  241   12-270    25-287 (288)
 50 tr|R5FYJ2|R5FYJ2_9ACTN Predict  99.3   9E-16 7.5E-21  140.9   0.0  237   19-269    70-320 (325)
 51 tr|W4ZT11|W4ZT11_WHEAT Unchara  99.3 2.6E-15 1.2E-20  129.5   0.0  115   11-131     7-124 (158)
 52 tr|F1T8U4|F1T8U4_9FIRM Alpha/b  99.3 1.8E-15 2.3E-20  129.4   0.0  224   20-272    18-251 (258)
 53 tr|V6HMA8|V6HMA8_9LEPT Alpha/b  99.3 1.7E-15 2.5E-20  130.3   0.0  103   21-126    59-165 (331)
 54 tr|A0A0Q7CIZ0|A0A0Q7CIZ0_9BURK  99.3 2.3E-15 2.7E-20  129.3   0.0  205   16-235    39-250 (250)
 55 tr|H6SRG0|H6SRG0_RHOPH Alpha/b  99.3 2.5E-15 3.1E-20  130.4   0.0  241   13-270    20-284 (289)
 56 tr|A0A0G2ESU7|A0A0G2ESU7_9PEZI  99.3 2.9E-15 3.5E-20  130.8   0.0  217   22-270    67-291 (292)
 57 tr|H5XHK6|H5XHK6_9PSEU Putativ  99.3 4.1E-15 3.8E-20  133.2   0.0  229    8-262    15-268 (277)
 58 tr|A0A0M2JTQ9|A0A0M2JTQ9_9MYCO  99.3 2.8E-15 4.4E-20  126.1   0.0  235   24-271    25-278 (298)
 59 tr|A0A058ZTV0|A0A058ZTV0_EUCGR  99.2 1.4E-14 6.4E-20  127.9   0.0  183    4-225     6-188 (195)
 60 tr|B9SG48|B9SG48_RICCO Sigma f  99.2 1.6E-14 7.2E-20  124.8   0.0  102   14-129     5-113 (158)
 61 tr|F3FE46|F3FE46_PSESX Alpha/b  99.2 2.1E-14 1.1E-19  124.8   0.0  145  119-264     2-146 (161)
 62 tr|A0A0F7M8I2|A0A0F7M8I2_9GAMM  99.2 1.9E-14 1.5E-19  139.9   0.0  237   22-270    26-268 (538)
 63 tr|A0A0P0VZ11|A0A0P0VZ11_ORYSJ  99.2 3.4E-14 1.5E-19  114.5   0.0   55   77-131     1-55  (89)
 64 tr|F2NLU5|F2NLU5_MARHT Alpha/b  99.2 1.2E-14 1.7E-19  124.1   0.0  244   14-272    23-292 (296)
 65 tr|A0A0I9YXQ5|A0A0I9YXQ5_9MYCO  99.1 3.1E-14 3.9E-19  123.7   0.0  232   19-271    38-287 (290)
 66 tr|S6TKF3|S6TKF3_PSESF Alpha/b  99.1 4.3E-14 4.8E-19  111.8   0.0  111   14-129    12-122 (124)
 67 tr|F8CA25|F8CA25_MYXFH Putativ  99.1 4.4E-14 5.1E-19  125.5   0.0  252   10-270    41-303 (315)
 68 tr|G4Z1Z9|G4Z1Z9_PHYSP Putativ  99.1 8.1E-14   6E-19  129.2   0.0  241   22-270    50-315 (319)
 69 tr|A0A098BHJ2|A0A098BHJ2_9NOCA  99.1 6.6E-14 6.8E-19  123.9   0.0  216   37-271     1-228 (276)
 70 tr|A0A0P0WIT7|A0A0P0WIT7_ORYSJ  99.1 2.4E-13 1.1E-18  126.2   0.0  113   20-132    15-133 (314)
 71 tr|S2K1D9|S2K1D9_MUCC1 Unchara  99.0 4.2E-13 4.3E-18  121.9   0.0  243   14-270    60-332 (333)
 72 tr|A0A0G0P065|A0A0G0P065_9BACT  99.0 4.4E-13 4.3E-18  119.8   0.0  238   20-266    28-270 (281)
 73 tr|K1RLW5|K1RLW5_9ZZZZ Hydrola  99.0 8.1E-13 4.9E-18  116.1   0.0  113   12-128    25-137 (177)
 74 tr|Q2BF64|Q2BF64_9BACI Hydrola  99.0 6.8E-13   7E-18  125.7   0.0  232   21-269    19-252 (502)
 75 tr|C6B9H1|C6B9H1_RHILS Alpha/b  99.0 8.1E-13 8.4E-18  118.4   0.0  248    2-269    10-280 (302)
 76 tr|I0YKU3|I0YKU3_9CHLO Alpha/b  99.0 9.7E-13 8.9E-18  122.3   0.0  239   22-271    36-304 (375)
 77 tr|A0A0P9XSA7|A0A0P9XSA7_9PSED  99.0 1.2E-12   9E-18  122.5   0.0  234   13-254    85-328 (345)
 78 tr|A4AWU9|A4AWU9_MARSH Hydrola  98.9 1.2E-12 1.1E-17  121.2   0.0  235   18-271    92-355 (359)
 79 tr|F0G2I8|F0G2I8_9BURK Alpha/b  98.9 1.3E-12 1.1E-17  123.6   0.0  233   17-270   135-408 (413)
 80 tr|X0YGI4|X0YGI4_9ZZZZ Unchara  98.9 1.3E-12 1.2E-17  110.2   0.0  106   15-124    26-131 (169)
 81 tr|D2SCL3|D2SCL3_GEOOG Alpha/b  98.9 1.4E-12 1.3E-17  116.2   0.0  216   20-268    37-255 (260)
 82 tr|B6IVM6|B6IVM6_RHOCS Hydrola  98.9 1.6E-12 1.7E-17  117.8   0.0  250   10-269    54-320 (323)
 83 tr|A0A0M7QJJ9|A0A0M7QJJ9_STRVZ  98.9 1.4E-12 1.7E-17  115.7   0.0  199   18-261    68-276 (321)
 84 tr|N1PTV5|N1PTV5_DOTSN Unchara  98.9 1.8E-12 2.4E-17  110.8   0.0  230   24-264    19-271 (273)
 85 tr|A0A0E0FJX0|A0A0E0FJX0_ORYNI  98.9 5.6E-12 2.5E-17  101.0   0.0   79   33-115     1-79  (82)
 86 tr|A0A0K0L7A8|A0A0K0L7A8_9BACT  98.9 3.2E-12 2.7E-17  119.2   0.0  233   21-267    85-328 (355)
 87 tr|A0A084Y706|A0A084Y706_9PROT  98.9 4.3E-12 3.8E-17  115.9   0.0  229   12-260    49-287 (305)
 88 tr|K0J6M7|K0J6M7_9ZZZZ Alpha/b  98.8 3.9E-12 4.1E-17  113.6   0.0  229   17-270    48-292 (293)
 89 tr|A0A0D8FV98|A0A0D8FV98_9ACTN  98.8 4.6E-12 4.2E-17  112.0   0.0  216   19-264     1-219 (237)
 90 tr|H9W8I0|H9W8I0_PINTA Unchara  98.8   1E-11   5E-17  101.7   0.0   95  115-210     1-95  (95)
 91 tr|A0A0J9X7S6|A0A0J9X7S6_GEOCN  98.8   9E-12 7.6E-17  117.0   0.0  245   24-272    54-328 (376)
 92 tr|C0ZR19|C0ZR19_RHOE4 Putativ  98.8 6.6E-12 7.9E-17  109.6   0.0  231   14-266    35-276 (281)
 93 tr|A0LVU0|A0LVU0_ACIC1 Alpha/b  98.8 1.4E-11 9.9E-17  116.6   0.0  242   12-270    43-326 (366)
 94 tr|S2RUK9|S2RUK9_LACPA Alpha/b  98.7 1.5E-11 1.7E-16  104.2   0.0  198   26-271     1-198 (203)
 95 tr|E8T3J2|E8T3J2_THEA1 Alpha/b  98.7 2.2E-11 1.7E-16  108.0   0.0  200   25-254     2-201 (207)
 96 tr|A0A0G2FI32|A0A0G2FI32_9PEZI  98.7   2E-11 1.7E-16  112.8   0.0  240   22-267    37-311 (317)
 97 tr|A0A099IZA5|A0A099IZA5_9BRAD  98.7 2.4E-11 1.9E-16  116.4   0.0  238   15-258    17-263 (446)
 98 tr|A0A0C5BRH9|A0A0C5BRH9_9MICO  98.7 2.7E-11 2.4E-16  109.5   0.0  219   16-265    30-250 (271)
 99 tr|C1N8H0|C1N8H0_MICPC Predict  98.7 4.6E-11 2.9E-16  114.4   0.0  241   13-269    99-376 (387)
100 tr|A0A099XYR9|A0A099XYR9_9FLAO  98.7 3.7E-11 3.8E-16  107.8   0.0  219   13-260    41-277 (293)

Writing A3M alignment to hhb-cov60.a3m
Done
